[2022-11-23 03:33:23] local.ERROR: SQLSTATE[HY000] [1049] Unknown database 'library' (SQL: select * from `users` where `email` = rhainevintage@gmail.com limit 1) {"exception":"[object] (Illuminate\\Database\\QueryException(code: 1049): SQLSTATE[HY000] [1049] Unknown database 'library' (SQL: select * from `users` where `email` = rhainevintage@gmail.com limit 1) at I:\\xampp\\htdocs\\Laravel\\librarySystem\\vendor\\laravel\\framework\\src\\Illuminate\\Database\\Connection.php:692)
[stacktrace]
#0 I:\\xampp\\htdocs\\Laravel\\librarySystem\\vendor\\laravel\\framework\\src\\Illuminate\\Database\\Connection.php(652): Illuminate\\Database\\Connection->runQueryCallback()
#1 I:\\xampp\\htdocs\\Laravel\\librarySystem\\vendor\\laravel\\framework\\src\\Illuminate\\Database\\Connection.php(360): Illuminate\\Database\\Connection->run()
#2 I:\\xampp\\htdocs\\Laravel\\librarySystem\\vendor\\laravel\\framework\\src\\Illuminate\\Database\\Query\\Builder.php(2350): Illuminate\\Database\\Connection->select()
#3 I:\\xampp\\htdocs\\Laravel\\librarySystem\\vendor\\laravel\\framework\\src\\Illuminate\\Database\\Query\\Builder.php(2338): Illuminate\\Database\\Query\\Builder->runSelect()
#4 I:\\xampp\\htdocs\\Laravel\\librarySystem\\vendor\\laravel\\framework\\src\\Illuminate\\Database\\Query\\Builder.php(2872): Illuminate\\Database\\Query\\Builder->Illuminate\\Database\\Query\\{closure}()
#5 I:\\xampp\\htdocs\\Laravel\\librarySystem\\vendor\\laravel\\framework\\src\\Illuminate\\Database\\Query\\Builder.php(2339): Illuminate\\Database\\Query\\Builder->onceWithColumns()
#6 I:\\xampp\\htdocs\\Laravel\\librarySystem\\vendor\\laravel\\framework\\src\\Illuminate\\Database\\Eloquent\\Builder.php(615): Illuminate\\Database\\Query\\Builder->get()
#7 I:\\xampp\\htdocs\\Laravel\\librarySystem\\vendor\\laravel\\framework\\src\\Illuminate\\Database\\Eloquent\\Builder.php(599): Illuminate\\Database\\Eloquent\\Builder->getModels()
#8 I:\\xampp\\htdocs\\Laravel\\librarySystem\\vendor\\laravel\\framework\\src\\Illuminate\\Database\\Concerns\\BuildsQueries.php(259): Illuminate\\Database\\Eloquent\\Builder->get()
#9 I:\\xampp\\htdocs\\Laravel\\librarySystem\\vendor\\laravel\\framework\\src\\Illuminate\\Auth\\EloquentUserProvider.php(131): Illuminate\\Database\\Eloquent\\Builder->first()
#10 I:\\xampp\\htdocs\\Laravel\\librarySystem\\vendor\\laravel\\framework\\src\\Illuminate\\Auth\\SessionGuard.php(359): Illuminate\\Auth\\EloquentUserProvider->retrieveByCredentials()
#11 I:\\xampp\\htdocs\\Laravel\\librarySystem\\vendor\\laravel\\ui\\auth-backend\\AuthenticatesUsers.php(83): Illuminate\\Auth\\SessionGuard->attempt()
#12 I:\\xampp\\htdocs\\Laravel\\librarySystem\\vendor\\laravel\\ui\\auth-backend\\AuthenticatesUsers.php(46): App\\Http\\Controllers\\Auth\\LoginController->attemptLogin()
#13 I:\\xampp\\htdocs\\Laravel\\librarySystem\\vendor\\laravel\\framework\\src\\Illuminate\\Routing\\Controller.php(54): App\\Http\\Controllers\\Auth\\LoginController->login()
#14 I:\\xampp\\htdocs\\Laravel\\librarySystem\\vendor\\laravel\\framework\\src\\Illuminate\\Routing\\ControllerDispatcher.php(45): Illuminate\\Routing\\Controller->callAction()
#15 I:\\xampp\\htdocs\\Laravel\\librarySystem\\vendor\\laravel\\framework\\src\\Illuminate\\Routing\\Route.php(261): Illuminate\\Routing\\ControllerDispatcher->dispatch()
#16 I:\\xampp\\htdocs\\Laravel\\librarySystem\\vendor\\laravel\\framework\\src\\Illuminate\\Routing\\Route.php(204): Illuminate\\Routing\\Route->runController()
#17 I:\\xampp\\htdocs\\Laravel\\librarySystem\\vendor\\laravel\\framework\\src\\Illuminate\\Routing\\Router.php(695): Illuminate\\Routing\\Route->run()
#18 I:\\xampp\\htdocs\\Laravel\\librarySystem\\vendor\\laravel\\framework\\src\\Illuminate\\Pipeline\\Pipeline.php(128): Illuminate\\Routing\\Router->Illuminate\\Routing\\{closure}()
#19 I:\\xampp\\htdocs\\Laravel\\librarySystem\\app\\Http\\Middleware\\RedirectIfAuthenticated.php(30): Illuminate\\Pipeline\\Pipeline->Illuminate\\Pipeline\\{closure}()
#20 I:\\xampp\\htdocs\\Laravel\\librarySystem\\vendor\\laravel\\framework\\src\\Illuminate\\Pipeline\\Pipeline.php(167): App\\Http\\Middleware\\RedirectIfAuthenticated->handle()
#21 I:\\xampp\\htdocs\\Laravel\\librarySystem\\vendor\\laravel\\framework\\src\\Illuminate\\Routing\\Middleware\\SubstituteBindings.php(50): Illuminate\\Pipeline\\Pipeline->Illuminate\\Pipeline\\{closure}()
#22 I:\\xampp\\htdocs\\Laravel\\librarySystem\\vendor\\laravel\\framework\\src\\Illuminate\\Pipeline\\Pipeline.php(167): Illuminate\\Routing\\Middleware\\SubstituteBindings->handle()
#23 I:\\xampp\\htdocs\\Laravel\\librarySystem\\vendor\\laravel\\framework\\src\\Illuminate\\Foundation\\Http\\Middleware\\VerifyCsrfToken.php(78): Illuminate\\Pipeline\\Pipeline->Illuminate\\Pipeline\\{closure}()
#24 I:\\xampp\\htdocs\\Laravel\\librarySystem\\vendor\\laravel\\framework\\src\\Illuminate\\Pipeline\\Pipeline.php(167): Illuminate\\Foundation\\Http\\Middleware\\VerifyCsrfToken->handle()
#25 I:\\xampp\\htdocs\\Laravel\\librarySystem\\vendor\\laravel\\framework\\src\\Illuminate\\View\\Middleware\\ShareErrorsFromSession.php(49): Illuminate\\Pipeline\\Pipeline->Illuminate\\Pipeline\\{closure}()
#26 I:\\xampp\\htdocs\\Laravel\\librarySystem\\vendor\\laravel\\framework\\src\\Illuminate\\Pipeline\\Pipeline.php(167): Illuminate\\View\\Middleware\\ShareErrorsFromSession->handle()
#27 I:\\xampp\\htdocs\\Laravel\\librarySystem\\vendor\\laravel\\framework\\src\\Illuminate\\Session\\Middleware\\StartSession.php(121): Illuminate\\Pipeline\\Pipeline->Illuminate\\Pipeline\\{closure}()
#28 I:\\xampp\\htdocs\\Laravel\\librarySystem\\vendor\\laravel\\framework\\src\\Illuminate\\Session\\Middleware\\StartSession.php(64): Illuminate\\Session\\Middleware\\StartSession->handleStatefulRequest()
#29 I:\\xampp\\htdocs\\Laravel\\librarySystem\\vendor\\laravel\\framework\\src\\Illuminate\\Pipeline\\Pipeline.php(167): Illuminate\\Session\\Middleware\\StartSession->handle()
#30 I:\\xampp\\htdocs\\Laravel\\librarySystem\\vendor\\laravel\\framework\\src\\Illuminate\\Cookie\\Middleware\\AddQueuedCookiesToResponse.php(37): Illuminate\\Pipeline\\Pipeline->Illuminate\\Pipeline\\{closure}()
#31 I:\\xampp\\htdocs\\Laravel\\librarySystem\\vendor\\laravel\\framework\\src\\Illuminate\\Pipeline\\Pipeline.php(167): Illuminate\\Cookie\\Middleware\\AddQueuedCookiesToResponse->handle()
#32 I:\\xampp\\htdocs\\Laravel\\librarySystem\\vendor\\laravel\\framework\\src\\Illuminate\\Cookie\\Middleware\\EncryptCookies.php(67): Illuminate\\Pipeline\\Pipeline->Illuminate\\Pipeline\\{closure}()
#33 I:\\xampp\\htdocs\\Laravel\\librarySystem\\vendor\\laravel\\framework\\src\\Illuminate\\Pipeline\\Pipeline.php(167): Illuminate\\Cookie\\Middleware\\EncryptCookies->handle()
#34 I:\\xampp\\htdocs\\Laravel\\librarySystem\\vendor\\laravel\\framework\\src\\Illuminate\\Pipeline\\Pipeline.php(103): Illuminate\\Pipeline\\Pipeline->Illuminate\\Pipeline\\{closure}()
#35 I:\\xampp\\htdocs\\Laravel\\librarySystem\\vendor\\laravel\\framework\\src\\Illuminate\\Routing\\Router.php(697): Illuminate\\Pipeline\\Pipeline->then()
#36 I:\\xampp\\htdocs\\Laravel\\librarySystem\\vendor\\laravel\\framework\\src\\Illuminate\\Routing\\Router.php(672): Illuminate\\Routing\\Router->runRouteWithinStack()
#37 I:\\xampp\\htdocs\\Laravel\\librarySystem\\vendor\\laravel\\framework\\src\\Illuminate\\Routing\\Router.php(636): Illuminate\\Routing\\Router->runRoute()
#38 I:\\xampp\\htdocs\\Laravel\\librarySystem\\vendor\\laravel\\framework\\src\\Illuminate\\Routing\\Router.php(625): Illuminate\\Routing\\Router->dispatchToRoute()
#39 I:\\xampp\\htdocs\\Laravel\\librarySystem\\vendor\\laravel\\framework\\src\\Illuminate\\Foundation\\Http\\Kernel.php(166): Illuminate\\Routing\\Router->dispatch()
#40 I:\\xampp\\htdocs\\Laravel\\librarySystem\\vendor\\laravel\\framework\\src\\Illuminate\\Pipeline\\Pipeline.php(128): Illuminate\\Foundation\\Http\\Kernel->Illuminate\\Foundation\\Http\\{closure}()
#41 I:\\xampp\\htdocs\\Laravel\\librarySystem\\vendor\\laravel\\framework\\src\\Illuminate\\Foundation\\Http\\Middleware\\TransformsRequest.php(21): Illuminate\\Pipeline\\Pipeline->Illuminate\\Pipeline\\{closure}()
#42 I:\\xampp\\htdocs\\Laravel\\librarySystem\\vendor\\laravel\\framework\\src\\Illuminate\\Foundation\\Http\\Middleware\\ConvertEmptyStringsToNull.php(31): Illuminate\\Foundation\\Http\\Middleware\\TransformsRequest->handle()
#43 I:\\xampp\\htdocs\\Laravel\\librarySystem\\vendor\\laravel\\framework\\src\\Illuminate\\Pipeline\\Pipeline.php(167): Illuminate\\Foundation\\Http\\Middleware\\ConvertEmptyStringsToNull->handle()
#44 I:\\xampp\\htdocs\\Laravel\\librarySystem\\vendor\\laravel\\framework\\src\\Illuminate\\Foundation\\Http\\Middleware\\TransformsRequest.php(21): Illuminate\\Pipeline\\Pipeline->Illuminate\\Pipeline\\{closure}()
#45 I:\\xampp\\htdocs\\Laravel\\librarySystem\\vendor\\laravel\\framework\\src\\Illuminate\\Foundation\\Http\\Middleware\\TrimStrings.php(40): Illuminate\\Foundation\\Http\\Middleware\\TransformsRequest->handle()
#46 I:\\xampp\\htdocs\\Laravel\\librarySystem\\vendor\\laravel\\framework\\src\\Illuminate\\Pipeline\\Pipeline.php(167): Illuminate\\Foundation\\Http\\Middleware\\TrimStrings->handle()
#47 I:\\xampp\\htdocs\\Laravel\\librarySystem\\vendor\\laravel\\framework\\src\\Illuminate\\Foundation\\Http\\Middleware\\ValidatePostSize.php(27): Illuminate\\Pipeline\\Pipeline->Illuminate\\Pipeline\\{closure}()
#48 I:\\xampp\\htdocs\\Laravel\\librarySystem\\vendor\\laravel\\framework\\src\\Illuminate\\Pipeline\\Pipeline.php(167): Illuminate\\Foundation\\Http\\Middleware\\ValidatePostSize->handle()
#49 I:\\xampp\\htdocs\\Laravel\\librarySystem\\vendor\\laravel\\framework\\src\\Illuminate\\Foundation\\Http\\Middleware\\PreventRequestsDuringMaintenance.php(86): Illuminate\\Pipeline\\Pipeline->Illuminate\\Pipeline\\{closure}()
#50 I:\\xampp\\htdocs\\Laravel\\librarySystem\\vendor\\laravel\\framework\\src\\Illuminate\\Pipeline\\Pipeline.php(167): Illuminate\\Foundation\\Http\\Middleware\\PreventRequestsDuringMaintenance->handle()
#51 I:\\xampp\\htdocs\\Laravel\\librarySystem\\vendor\\fruitcake\\laravel-cors\\src\\HandleCors.php(38): Illuminate\\Pipeline\\Pipeline->Illuminate\\Pipeline\\{closure}()
#52 I:\\xampp\\htdocs\\Laravel\\librarySystem\\vendor\\laravel\\framework\\src\\Illuminate\\Pipeline\\Pipeline.php(167): Fruitcake\\Cors\\HandleCors->handle()
#53 I:\\xampp\\htdocs\\Laravel\\librarySystem\\vendor\\laravel\\framework\\src\\Illuminate\\Http\\Middleware\\TrustProxies.php(39): Illuminate\\Pipeline\\Pipeline->Illuminate\\Pipeline\\{closure}()
#54 I:\\xampp\\htdocs\\Laravel\\librarySystem\\vendor\\laravel\\framework\\src\\Illuminate\\Pipeline\\Pipeline.php(167): Illuminate\\Http\\Middleware\\TrustProxies->handle()
#55 I:\\xampp\\htdocs\\Laravel\\librarySystem\\vendor\\laravel\\framework\\src\\Illuminate\\Pipeline\\Pipeline.php(103): Illuminate\\Pipeline\\Pipeline->Illuminate\\Pipeline\\{closure}()
#56 I:\\xampp\\htdocs\\Laravel\\librarySystem\\vendor\\laravel\\framework\\src\\Illuminate\\Foundation\\Http\\Kernel.php(141): Illuminate\\Pipeline\\Pipeline->then()
#57 I:\\xampp\\htdocs\\Laravel\\librarySystem\\vendor\\laravel\\framework\\src\\Illuminate\\Foundation\\Http\\Kernel.php(110): Illuminate\\Foundation\\Http\\Kernel->sendRequestThroughRouter()
#58 I:\\xampp\\htdocs\\Laravel\\librarySystem\\public\\index.php(52): Illuminate\\Foundation\\Http\\Kernel->handle()
#59 I:\\xampp\\htdocs\\Laravel\\librarySystem\\server.php(21): require_once('I:\\\\xampp\\\\htdocs...')
#60 {main}

[previous exception] [object] (PDOException(code: 1049): SQLSTATE[HY000] [1049] Unknown database 'library' at I:\\xampp\\htdocs\\Laravel\\librarySystem\\vendor\\laravel\\framework\\src\\Illuminate\\Database\\Connectors\\Connector.php:70)
[stacktrace]
#0 I:\\xampp\\htdocs\\Laravel\\librarySystem\\vendor\\laravel\\framework\\src\\Illuminate\\Database\\Connectors\\Connector.php(70): PDO->__construct()
#1 I:\\xampp\\htdocs\\Laravel\\librarySystem\\vendor\\laravel\\framework\\src\\Illuminate\\Database\\Connectors\\Connector.php(46): Illuminate\\Database\\Connectors\\Connector->createPdoConnection()
#2 I:\\xampp\\htdocs\\Laravel\\librarySystem\\vendor\\laravel\\framework\\src\\Illuminate\\Database\\Connectors\\MySqlConnector.php(24): Illuminate\\Database\\Connectors\\Connector->createConnection()
#3 I:\\xampp\\htdocs\\Laravel\\librarySystem\\vendor\\laravel\\framework\\src\\Illuminate\\Database\\Connectors\\ConnectionFactory.php(184): Illuminate\\Database\\Connectors\\MySqlConnector->connect()
#4 [internal function]: Illuminate\\Database\\Connectors\\ConnectionFactory->Illuminate\\Database\\Connectors\\{closure}()
#5 I:\\xampp\\htdocs\\Laravel\\librarySystem\\vendor\\laravel\\framework\\src\\Illuminate\\Database\\Connection.php(997): call_user_func()
#6 I:\\xampp\\htdocs\\Laravel\\librarySystem\\vendor\\laravel\\framework\\src\\Illuminate\\Database\\Connection.php(1033): Illuminate\\Database\\Connection->getPdo()
#7 I:\\xampp\\htdocs\\Laravel\\librarySystem\\vendor\\laravel\\framework\\src\\Illuminate\\Database\\Connection.php(426): Illuminate\\Database\\Connection->getReadPdo()
#8 I:\\xampp\\htdocs\\Laravel\\librarySystem\\vendor\\laravel\\framework\\src\\Illuminate\\Database\\Connection.php(352): Illuminate\\Database\\Connection->getPdoForSelect()
#9 I:\\xampp\\htdocs\\Laravel\\librarySystem\\vendor\\laravel\\framework\\src\\Illuminate\\Database\\Connection.php(685): Illuminate\\Database\\Connection->Illuminate\\Database\\{closure}()
#10 I:\\xampp\\htdocs\\Laravel\\librarySystem\\vendor\\laravel\\framework\\src\\Illuminate\\Database\\Connection.php(652): Illuminate\\Database\\Connection->runQueryCallback()
#11 I:\\xampp\\htdocs\\Laravel\\librarySystem\\vendor\\laravel\\framework\\src\\Illuminate\\Database\\Connection.php(360): Illuminate\\Database\\Connection->run()
#12 I:\\xampp\\htdocs\\Laravel\\librarySystem\\vendor\\laravel\\framework\\src\\Illuminate\\Database\\Query\\Builder.php(2350): Illuminate\\Database\\Connection->select()
#13 I:\\xampp\\htdocs\\Laravel\\librarySystem\\vendor\\laravel\\framework\\src\\Illuminate\\Database\\Query\\Builder.php(2338): Illuminate\\Database\\Query\\Builder->runSelect()
#14 I:\\xampp\\htdocs\\Laravel\\librarySystem\\vendor\\laravel\\framework\\src\\Illuminate\\Database\\Query\\Builder.php(2872): Illuminate\\Database\\Query\\Builder->Illuminate\\Database\\Query\\{closure}()
#15 I:\\xampp\\htdocs\\Laravel\\librarySystem\\vendor\\laravel\\framework\\src\\Illuminate\\Database\\Query\\Builder.php(2339): Illuminate\\Database\\Query\\Builder->onceWithColumns()
#16 I:\\xampp\\htdocs\\Laravel\\librarySystem\\vendor\\laravel\\framework\\src\\Illuminate\\Database\\Eloquent\\Builder.php(615): Illuminate\\Database\\Query\\Builder->get()
#17 I:\\xampp\\htdocs\\Laravel\\librarySystem\\vendor\\laravel\\framework\\src\\Illuminate\\Database\\Eloquent\\Builder.php(599): Illuminate\\Database\\Eloquent\\Builder->getModels()
#18 I:\\xampp\\htdocs\\Laravel\\librarySystem\\vendor\\laravel\\framework\\src\\Illuminate\\Database\\Concerns\\BuildsQueries.php(259): Illuminate\\Database\\Eloquent\\Builder->get()
#19 I:\\xampp\\htdocs\\Laravel\\librarySystem\\vendor\\laravel\\framework\\src\\Illuminate\\Auth\\EloquentUserProvider.php(131): Illuminate\\Database\\Eloquent\\Builder->first()
#20 I:\\xampp\\htdocs\\Laravel\\librarySystem\\vendor\\laravel\\framework\\src\\Illuminate\\Auth\\SessionGuard.php(359): Illuminate\\Auth\\EloquentUserProvider->retrieveByCredentials()
#21 I:\\xampp\\htdocs\\Laravel\\librarySystem\\vendor\\laravel\\ui\\auth-backend\\AuthenticatesUsers.php(83): Illuminate\\Auth\\SessionGuard->attempt()
#22 I:\\xampp\\htdocs\\Laravel\\librarySystem\\vendor\\laravel\\ui\\auth-backend\\AuthenticatesUsers.php(46): App\\Http\\Controllers\\Auth\\LoginController->attemptLogin()
#23 I:\\xampp\\htdocs\\Laravel\\librarySystem\\vendor\\laravel\\framework\\src\\Illuminate\\Routing\\Controller.php(54): App\\Http\\Controllers\\Auth\\LoginController->login()
#24 I:\\xampp\\htdocs\\Laravel\\librarySystem\\vendor\\laravel\\framework\\src\\Illuminate\\Routing\\ControllerDispatcher.php(45): Illuminate\\Routing\\Controller->callAction()
#25 I:\\xampp\\htdocs\\Laravel\\librarySystem\\vendor\\laravel\\framework\\src\\Illuminate\\Routing\\Route.php(261): Illuminate\\Routing\\ControllerDispatcher->dispatch()
#26 I:\\xampp\\htdocs\\Laravel\\librarySystem\\vendor\\laravel\\framework\\src\\Illuminate\\Routing\\Route.php(204): Illuminate\\Routing\\Route->runController()
#27 I:\\xampp\\htdocs\\Laravel\\librarySystem\\vendor\\laravel\\framework\\src\\Illuminate\\Routing\\Router.php(695): Illuminate\\Routing\\Route->run()
#28 I:\\xampp\\htdocs\\Laravel\\librarySystem\\vendor\\laravel\\framework\\src\\Illuminate\\Pipeline\\Pipeline.php(128): Illuminate\\Routing\\Router->Illuminate\\Routing\\{closure}()
#29 I:\\xampp\\htdocs\\Laravel\\librarySystem\\app\\Http\\Middleware\\RedirectIfAuthenticated.php(30): Illuminate\\Pipeline\\Pipeline->Illuminate\\Pipeline\\{closure}()
#30 I:\\xampp\\htdocs\\Laravel\\librarySystem\\vendor\\laravel\\framework\\src\\Illuminate\\Pipeline\\Pipeline.php(167): App\\Http\\Middleware\\RedirectIfAuthenticated->handle()
#31 I:\\xampp\\htdocs\\Laravel\\librarySystem\\vendor\\laravel\\framework\\src\\Illuminate\\Routing\\Middleware\\SubstituteBindings.php(50): Illuminate\\Pipeline\\Pipeline->Illuminate\\Pipeline\\{closure}()
#32 I:\\xampp\\htdocs\\Laravel\\librarySystem\\vendor\\laravel\\framework\\src\\Illuminate\\Pipeline\\Pipeline.php(167): Illuminate\\Routing\\Middleware\\SubstituteBindings->handle()
#33 I:\\xampp\\htdocs\\Laravel\\librarySystem\\vendor\\laravel\\framework\\src\\Illuminate\\Foundation\\Http\\Middleware\\VerifyCsrfToken.php(78): Illuminate\\Pipeline\\Pipeline->Illuminate\\Pipeline\\{closure}()
#34 I:\\xampp\\htdocs\\Laravel\\librarySystem\\vendor\\laravel\\framework\\src\\Illuminate\\Pipeline\\Pipeline.php(167): Illuminate\\Foundation\\Http\\Middleware\\VerifyCsrfToken->handle()
#35 I:\\xampp\\htdocs\\Laravel\\librarySystem\\vendor\\laravel\\framework\\src\\Illuminate\\View\\Middleware\\ShareErrorsFromSession.php(49): Illuminate\\Pipeline\\Pipeline->Illuminate\\Pipeline\\{closure}()
#36 I:\\xampp\\htdocs\\Laravel\\librarySystem\\vendor\\laravel\\framework\\src\\Illuminate\\Pipeline\\Pipeline.php(167): Illuminate\\View\\Middleware\\ShareErrorsFromSession->handle()
#37 I:\\xampp\\htdocs\\Laravel\\librarySystem\\vendor\\laravel\\framework\\src\\Illuminate\\Session\\Middleware\\StartSession.php(121): Illuminate\\Pipeline\\Pipeline->Illuminate\\Pipeline\\{closure}()
#38 I:\\xampp\\htdocs\\Laravel\\librarySystem\\vendor\\laravel\\framework\\src\\Illuminate\\Session\\Middleware\\StartSession.php(64): Illuminate\\Session\\Middleware\\StartSession->handleStatefulRequest()
#39 I:\\xampp\\htdocs\\Laravel\\librarySystem\\vendor\\laravel\\framework\\src\\Illuminate\\Pipeline\\Pipeline.php(167): Illuminate\\Session\\Middleware\\StartSession->handle()
#40 I:\\xampp\\htdocs\\Laravel\\librarySystem\\vendor\\laravel\\framework\\src\\Illuminate\\Cookie\\Middleware\\AddQueuedCookiesToResponse.php(37): Illuminate\\Pipeline\\Pipeline->Illuminate\\Pipeline\\{closure}()
#41 I:\\xampp\\htdocs\\Laravel\\librarySystem\\vendor\\laravel\\framework\\src\\Illuminate\\Pipeline\\Pipeline.php(167): Illuminate\\Cookie\\Middleware\\AddQueuedCookiesToResponse->handle()
#42 I:\\xampp\\htdocs\\Laravel\\librarySystem\\vendor\\laravel\\framework\\src\\Illuminate\\Cookie\\Middleware\\EncryptCookies.php(67): Illuminate\\Pipeline\\Pipeline->Illuminate\\Pipeline\\{closure}()
#43 I:\\xampp\\htdocs\\Laravel\\librarySystem\\vendor\\laravel\\framework\\src\\Illuminate\\Pipeline\\Pipeline.php(167): Illuminate\\Cookie\\Middleware\\EncryptCookies->handle()
#44 I:\\xampp\\htdocs\\Laravel\\librarySystem\\vendor\\laravel\\framework\\src\\Illuminate\\Pipeline\\Pipeline.php(103): Illuminate\\Pipeline\\Pipeline->Illuminate\\Pipeline\\{closure}()
#45 I:\\xampp\\htdocs\\Laravel\\librarySystem\\vendor\\laravel\\framework\\src\\Illuminate\\Routing\\Router.php(697): Illuminate\\Pipeline\\Pipeline->then()
#46 I:\\xampp\\htdocs\\Laravel\\librarySystem\\vendor\\laravel\\framework\\src\\Illuminate\\Routing\\Router.php(672): Illuminate\\Routing\\Router->runRouteWithinStack()
#47 I:\\xampp\\htdocs\\Laravel\\librarySystem\\vendor\\laravel\\framework\\src\\Illuminate\\Routing\\Router.php(636): Illuminate\\Routing\\Router->runRoute()
#48 I:\\xampp\\htdocs\\Laravel\\librarySystem\\vendor\\laravel\\framework\\src\\Illuminate\\Routing\\Router.php(625): Illuminate\\Routing\\Router->dispatchToRoute()
#49 I:\\xampp\\htdocs\\Laravel\\librarySystem\\vendor\\laravel\\framework\\src\\Illuminate\\Foundation\\Http\\Kernel.php(166): Illuminate\\Routing\\Router->dispatch()
#50 I:\\xampp\\htdocs\\Laravel\\librarySystem\\vendor\\laravel\\framework\\src\\Illuminate\\Pipeline\\Pipeline.php(128): Illuminate\\Foundation\\Http\\Kernel->Illuminate\\Foundation\\Http\\{closure}()
#51 I:\\xampp\\htdocs\\Laravel\\librarySystem\\vendor\\laravel\\framework\\src\\Illuminate\\Foundation\\Http\\Middleware\\TransformsRequest.php(21): Illuminate\\Pipeline\\Pipeline->Illuminate\\Pipeline\\{closure}()
#52 I:\\xampp\\htdocs\\Laravel\\librarySystem\\vendor\\laravel\\framework\\src\\Illuminate\\Foundation\\Http\\Middleware\\ConvertEmptyStringsToNull.php(31): Illuminate\\Foundation\\Http\\Middleware\\TransformsRequest->handle()
#53 I:\\xampp\\htdocs\\Laravel\\librarySystem\\vendor\\laravel\\framework\\src\\Illuminate\\Pipeline\\Pipeline.php(167): Illuminate\\Foundation\\Http\\Middleware\\ConvertEmptyStringsToNull->handle()
#54 I:\\xampp\\htdocs\\Laravel\\librarySystem\\vendor\\laravel\\framework\\src\\Illuminate\\Foundation\\Http\\Middleware\\TransformsRequest.php(21): Illuminate\\Pipeline\\Pipeline->Illuminate\\Pipeline\\{closure}()
#55 I:\\xampp\\htdocs\\Laravel\\librarySystem\\vendor\\laravel\\framework\\src\\Illuminate\\Foundation\\Http\\Middleware\\TrimStrings.php(40): Illuminate\\Foundation\\Http\\Middleware\\TransformsRequest->handle()
#56 I:\\xampp\\htdocs\\Laravel\\librarySystem\\vendor\\laravel\\framework\\src\\Illuminate\\Pipeline\\Pipeline.php(167): Illuminate\\Foundation\\Http\\Middleware\\TrimStrings->handle()
#57 I:\\xampp\\htdocs\\Laravel\\librarySystem\\vendor\\laravel\\framework\\src\\Illuminate\\Foundation\\Http\\Middleware\\ValidatePostSize.php(27): Illuminate\\Pipeline\\Pipeline->Illuminate\\Pipeline\\{closure}()
#58 I:\\xampp\\htdocs\\Laravel\\librarySystem\\vendor\\laravel\\framework\\src\\Illuminate\\Pipeline\\Pipeline.php(167): Illuminate\\Foundation\\Http\\Middleware\\ValidatePostSize->handle()
#59 I:\\xampp\\htdocs\\Laravel\\librarySystem\\vendor\\laravel\\framework\\src\\Illuminate\\Foundation\\Http\\Middleware\\PreventRequestsDuringMaintenance.php(86): Illuminate\\Pipeline\\Pipeline->Illuminate\\Pipeline\\{closure}()
#60 I:\\xampp\\htdocs\\Laravel\\librarySystem\\vendor\\laravel\\framework\\src\\Illuminate\\Pipeline\\Pipeline.php(167): Illuminate\\Foundation\\Http\\Middleware\\PreventRequestsDuringMaintenance->handle()
#61 I:\\xampp\\htdocs\\Laravel\\librarySystem\\vendor\\fruitcake\\laravel-cors\\src\\HandleCors.php(38): Illuminate\\Pipeline\\Pipeline->Illuminate\\Pipeline\\{closure}()
#62 I:\\xampp\\htdocs\\Laravel\\librarySystem\\vendor\\laravel\\framework\\src\\Illuminate\\Pipeline\\Pipeline.php(167): Fruitcake\\Cors\\HandleCors->handle()
#63 I:\\xampp\\htdocs\\Laravel\\librarySystem\\vendor\\laravel\\framework\\src\\Illuminate\\Http\\Middleware\\TrustProxies.php(39): Illuminate\\Pipeline\\Pipeline->Illuminate\\Pipeline\\{closure}()
#64 I:\\xampp\\htdocs\\Laravel\\librarySystem\\vendor\\laravel\\framework\\src\\Illuminate\\Pipeline\\Pipeline.php(167): Illuminate\\Http\\Middleware\\TrustProxies->handle()
#65 I:\\xampp\\htdocs\\Laravel\\librarySystem\\vendor\\laravel\\framework\\src\\Illuminate\\Pipeline\\Pipeline.php(103): Illuminate\\Pipeline\\Pipeline->Illuminate\\Pipeline\\{closure}()
#66 I:\\xampp\\htdocs\\Laravel\\librarySystem\\vendor\\laravel\\framework\\src\\Illuminate\\Foundation\\Http\\Kernel.php(141): Illuminate\\Pipeline\\Pipeline->then()
#67 I:\\xampp\\htdocs\\Laravel\\librarySystem\\vendor\\laravel\\framework\\src\\Illuminate\\Foundation\\Http\\Kernel.php(110): Illuminate\\Foundation\\Http\\Kernel->sendRequestThroughRouter()
#68 I:\\xampp\\htdocs\\Laravel\\librarySystem\\public\\index.php(52): Illuminate\\Foundation\\Http\\Kernel->handle()
#69 I:\\xampp\\htdocs\\Laravel\\librarySystem\\server.php(21): require_once('I:\\\\xampp\\\\htdocs...')
#70 {main}
"} 
[2022-11-23 03:33:32] local.ERROR: SQLSTATE[HY000] [1049] Unknown database 'library' (SQL: select * from information_schema.tables where table_schema = Library and table_name = migrations and table_type = 'BASE TABLE') {"exception":"[object] (Illuminate\\Database\\QueryException(code: 1049): SQLSTATE[HY000] [1049] Unknown database 'library' (SQL: select * from information_schema.tables where table_schema = Library and table_name = migrations and table_type = 'BASE TABLE') at I:\\xampp\\htdocs\\Laravel\\librarySystem\\vendor\\laravel\\framework\\src\\Illuminate\\Database\\Connection.php:692)
[stacktrace]
#0 I:\\xampp\\htdocs\\Laravel\\librarySystem\\vendor\\laravel\\framework\\src\\Illuminate\\Database\\Connection.php(652): Illuminate\\Database\\Connection->runQueryCallback()
#1 I:\\xampp\\htdocs\\Laravel\\librarySystem\\vendor\\laravel\\framework\\src\\Illuminate\\Database\\Connection.php(360): Illuminate\\Database\\Connection->run()
#2 I:\\xampp\\htdocs\\Laravel\\librarySystem\\vendor\\laravel\\framework\\src\\Illuminate\\Database\\Schema\\MySqlBuilder.php(44): Illuminate\\Database\\Connection->select()
#3 I:\\xampp\\htdocs\\Laravel\\librarySystem\\vendor\\laravel\\framework\\src\\Illuminate\\Database\\Migrations\\DatabaseMigrationRepository.php(169): Illuminate\\Database\\Schema\\MySqlBuilder->hasTable()
#4 I:\\xampp\\htdocs\\Laravel\\librarySystem\\vendor\\laravel\\framework\\src\\Illuminate\\Database\\Migrations\\Migrator.php(652): Illuminate\\Database\\Migrations\\DatabaseMigrationRepository->repositoryExists()
#5 I:\\xampp\\htdocs\\Laravel\\librarySystem\\vendor\\laravel\\framework\\src\\Illuminate\\Database\\Console\\Migrations\\MigrateCommand.php(106): Illuminate\\Database\\Migrations\\Migrator->repositoryExists()
#6 I:\\xampp\\htdocs\\Laravel\\librarySystem\\vendor\\laravel\\framework\\src\\Illuminate\\Database\\Console\\Migrations\\MigrateCommand.php(77): Illuminate\\Database\\Console\\Migrations\\MigrateCommand->prepareDatabase()
#7 I:\\xampp\\htdocs\\Laravel\\librarySystem\\vendor\\laravel\\framework\\src\\Illuminate\\Database\\Migrations\\Migrator.php(585): Illuminate\\Database\\Console\\Migrations\\MigrateCommand->Illuminate\\Database\\Console\\Migrations\\{closure}()
#8 I:\\xampp\\htdocs\\Laravel\\librarySystem\\vendor\\laravel\\framework\\src\\Illuminate\\Database\\Console\\Migrations\\MigrateCommand.php(94): Illuminate\\Database\\Migrations\\Migrator->usingConnection()
#9 I:\\xampp\\htdocs\\Laravel\\librarySystem\\vendor\\laravel\\framework\\src\\Illuminate\\Container\\BoundMethod.php(36): Illuminate\\Database\\Console\\Migrations\\MigrateCommand->handle()
#10 I:\\xampp\\htdocs\\Laravel\\librarySystem\\vendor\\laravel\\framework\\src\\Illuminate\\Container\\Util.php(40): Illuminate\\Container\\BoundMethod::Illuminate\\Container\\{closure}()
#11 I:\\xampp\\htdocs\\Laravel\\librarySystem\\vendor\\laravel\\framework\\src\\Illuminate\\Container\\BoundMethod.php(93): Illuminate\\Container\\Util::unwrapIfClosure()
#12 I:\\xampp\\htdocs\\Laravel\\librarySystem\\vendor\\laravel\\framework\\src\\Illuminate\\Container\\BoundMethod.php(37): Illuminate\\Container\\BoundMethod::callBoundMethod()
#13 I:\\xampp\\htdocs\\Laravel\\librarySystem\\vendor\\laravel\\framework\\src\\Illuminate\\Container\\Container.php(651): Illuminate\\Container\\BoundMethod::call()
#14 I:\\xampp\\htdocs\\Laravel\\librarySystem\\vendor\\laravel\\framework\\src\\Illuminate\\Console\\Command.php(136): Illuminate\\Container\\Container->call()
#15 I:\\xampp\\htdocs\\Laravel\\librarySystem\\vendor\\symfony\\console\\Command\\Command.php(299): Illuminate\\Console\\Command->execute()
#16 I:\\xampp\\htdocs\\Laravel\\librarySystem\\vendor\\laravel\\framework\\src\\Illuminate\\Console\\Command.php(121): Symfony\\Component\\Console\\Command\\Command->run()
#17 I:\\xampp\\htdocs\\Laravel\\librarySystem\\vendor\\symfony\\console\\Application.php(978): Illuminate\\Console\\Command->run()
#18 I:\\xampp\\htdocs\\Laravel\\librarySystem\\vendor\\symfony\\console\\Application.php(295): Symfony\\Component\\Console\\Application->doRunCommand()
#19 I:\\xampp\\htdocs\\Laravel\\librarySystem\\vendor\\symfony\\console\\Application.php(167): Symfony\\Component\\Console\\Application->doRun()
#20 I:\\xampp\\htdocs\\Laravel\\librarySystem\\vendor\\laravel\\framework\\src\\Illuminate\\Console\\Application.php(92): Symfony\\Component\\Console\\Application->run()
#21 I:\\xampp\\htdocs\\Laravel\\librarySystem\\vendor\\laravel\\framework\\src\\Illuminate\\Foundation\\Console\\Kernel.php(129): Illuminate\\Console\\Application->run()
#22 I:\\xampp\\htdocs\\Laravel\\librarySystem\\artisan(37): Illuminate\\Foundation\\Console\\Kernel->handle()
#23 {main}

[previous exception] [object] (PDOException(code: 1049): SQLSTATE[HY000] [1049] Unknown database 'library' at I:\\xampp\\htdocs\\Laravel\\librarySystem\\vendor\\laravel\\framework\\src\\Illuminate\\Database\\Connectors\\Connector.php:70)
[stacktrace]
#0 I:\\xampp\\htdocs\\Laravel\\librarySystem\\vendor\\laravel\\framework\\src\\Illuminate\\Database\\Connectors\\Connector.php(70): PDO->__construct()
#1 I:\\xampp\\htdocs\\Laravel\\librarySystem\\vendor\\laravel\\framework\\src\\Illuminate\\Database\\Connectors\\Connector.php(46): Illuminate\\Database\\Connectors\\Connector->createPdoConnection()
#2 I:\\xampp\\htdocs\\Laravel\\librarySystem\\vendor\\laravel\\framework\\src\\Illuminate\\Database\\Connectors\\MySqlConnector.php(24): Illuminate\\Database\\Connectors\\Connector->createConnection()
#3 I:\\xampp\\htdocs\\Laravel\\librarySystem\\vendor\\laravel\\framework\\src\\Illuminate\\Database\\Connectors\\ConnectionFactory.php(184): Illuminate\\Database\\Connectors\\MySqlConnector->connect()
#4 [internal function]: Illuminate\\Database\\Connectors\\ConnectionFactory->Illuminate\\Database\\Connectors\\{closure}()
#5 I:\\xampp\\htdocs\\Laravel\\librarySystem\\vendor\\laravel\\framework\\src\\Illuminate\\Database\\Connection.php(997): call_user_func()
#6 I:\\xampp\\htdocs\\Laravel\\librarySystem\\vendor\\laravel\\framework\\src\\Illuminate\\Database\\Connection.php(1033): Illuminate\\Database\\Connection->getPdo()
#7 I:\\xampp\\htdocs\\Laravel\\librarySystem\\vendor\\laravel\\framework\\src\\Illuminate\\Database\\Connection.php(426): Illuminate\\Database\\Connection->getReadPdo()
#8 I:\\xampp\\htdocs\\Laravel\\librarySystem\\vendor\\laravel\\framework\\src\\Illuminate\\Database\\Connection.php(352): Illuminate\\Database\\Connection->getPdoForSelect()
#9 I:\\xampp\\htdocs\\Laravel\\librarySystem\\vendor\\laravel\\framework\\src\\Illuminate\\Database\\Connection.php(685): Illuminate\\Database\\Connection->Illuminate\\Database\\{closure}()
#10 I:\\xampp\\htdocs\\Laravel\\librarySystem\\vendor\\laravel\\framework\\src\\Illuminate\\Database\\Connection.php(652): Illuminate\\Database\\Connection->runQueryCallback()
#11 I:\\xampp\\htdocs\\Laravel\\librarySystem\\vendor\\laravel\\framework\\src\\Illuminate\\Database\\Connection.php(360): Illuminate\\Database\\Connection->run()
#12 I:\\xampp\\htdocs\\Laravel\\librarySystem\\vendor\\laravel\\framework\\src\\Illuminate\\Database\\Schema\\MySqlBuilder.php(44): Illuminate\\Database\\Connection->select()
#13 I:\\xampp\\htdocs\\Laravel\\librarySystem\\vendor\\laravel\\framework\\src\\Illuminate\\Database\\Migrations\\DatabaseMigrationRepository.php(169): Illuminate\\Database\\Schema\\MySqlBuilder->hasTable()
#14 I:\\xampp\\htdocs\\Laravel\\librarySystem\\vendor\\laravel\\framework\\src\\Illuminate\\Database\\Migrations\\Migrator.php(652): Illuminate\\Database\\Migrations\\DatabaseMigrationRepository->repositoryExists()
#15 I:\\xampp\\htdocs\\Laravel\\librarySystem\\vendor\\laravel\\framework\\src\\Illuminate\\Database\\Console\\Migrations\\MigrateCommand.php(106): Illuminate\\Database\\Migrations\\Migrator->repositoryExists()
#16 I:\\xampp\\htdocs\\Laravel\\librarySystem\\vendor\\laravel\\framework\\src\\Illuminate\\Database\\Console\\Migrations\\MigrateCommand.php(77): Illuminate\\Database\\Console\\Migrations\\MigrateCommand->prepareDatabase()
#17 I:\\xampp\\htdocs\\Laravel\\librarySystem\\vendor\\laravel\\framework\\src\\Illuminate\\Database\\Migrations\\Migrator.php(585): Illuminate\\Database\\Console\\Migrations\\MigrateCommand->Illuminate\\Database\\Console\\Migrations\\{closure}()
#18 I:\\xampp\\htdocs\\Laravel\\librarySystem\\vendor\\laravel\\framework\\src\\Illuminate\\Database\\Console\\Migrations\\MigrateCommand.php(94): Illuminate\\Database\\Migrations\\Migrator->usingConnection()
#19 I:\\xampp\\htdocs\\Laravel\\librarySystem\\vendor\\laravel\\framework\\src\\Illuminate\\Container\\BoundMethod.php(36): Illuminate\\Database\\Console\\Migrations\\MigrateCommand->handle()
#20 I:\\xampp\\htdocs\\Laravel\\librarySystem\\vendor\\laravel\\framework\\src\\Illuminate\\Container\\Util.php(40): Illuminate\\Container\\BoundMethod::Illuminate\\Container\\{closure}()
#21 I:\\xampp\\htdocs\\Laravel\\librarySystem\\vendor\\laravel\\framework\\src\\Illuminate\\Container\\BoundMethod.php(93): Illuminate\\Container\\Util::unwrapIfClosure()
#22 I:\\xampp\\htdocs\\Laravel\\librarySystem\\vendor\\laravel\\framework\\src\\Illuminate\\Container\\BoundMethod.php(37): Illuminate\\Container\\BoundMethod::callBoundMethod()
#23 I:\\xampp\\htdocs\\Laravel\\librarySystem\\vendor\\laravel\\framework\\src\\Illuminate\\Container\\Container.php(651): Illuminate\\Container\\BoundMethod::call()
#24 I:\\xampp\\htdocs\\Laravel\\librarySystem\\vendor\\laravel\\framework\\src\\Illuminate\\Console\\Command.php(136): Illuminate\\Container\\Container->call()
#25 I:\\xampp\\htdocs\\Laravel\\librarySystem\\vendor\\symfony\\console\\Command\\Command.php(299): Illuminate\\Console\\Command->execute()
#26 I:\\xampp\\htdocs\\Laravel\\librarySystem\\vendor\\laravel\\framework\\src\\Illuminate\\Console\\Command.php(121): Symfony\\Component\\Console\\Command\\Command->run()
#27 I:\\xampp\\htdocs\\Laravel\\librarySystem\\vendor\\symfony\\console\\Application.php(978): Illuminate\\Console\\Command->run()
#28 I:\\xampp\\htdocs\\Laravel\\librarySystem\\vendor\\symfony\\console\\Application.php(295): Symfony\\Component\\Console\\Application->doRunCommand()
#29 I:\\xampp\\htdocs\\Laravel\\librarySystem\\vendor\\symfony\\console\\Application.php(167): Symfony\\Component\\Console\\Application->doRun()
#30 I:\\xampp\\htdocs\\Laravel\\librarySystem\\vendor\\laravel\\framework\\src\\Illuminate\\Console\\Application.php(92): Symfony\\Component\\Console\\Application->run()
#31 I:\\xampp\\htdocs\\Laravel\\librarySystem\\vendor\\laravel\\framework\\src\\Illuminate\\Foundation\\Console\\Kernel.php(129): Illuminate\\Console\\Application->run()
#32 I:\\xampp\\htdocs\\Laravel\\librarySystem\\artisan(37): Illuminate\\Foundation\\Console\\Kernel->handle()
#33 {main}
"} 
[2022-11-23 03:39:30] local.ERROR: The "--seed\" option does not exist. {"exception":"[object] (Symfony\\Component\\Console\\Exception\\RuntimeException(code: 0): The \"--seed\\\" option does not exist. at I:\\xampp\\htdocs\\Laravel\\librarySystem\\vendor\\symfony\\console\\Input\\ArgvInput.php:213)
[stacktrace]
#0 I:\\xampp\\htdocs\\Laravel\\librarySystem\\vendor\\symfony\\console\\Input\\ArgvInput.php(142): Symfony\\Component\\Console\\Input\\ArgvInput->addLongOption()
#1 I:\\xampp\\htdocs\\Laravel\\librarySystem\\vendor\\symfony\\console\\Input\\ArgvInput.php(76): Symfony\\Component\\Console\\Input\\ArgvInput->parseLongOption()
#2 I:\\xampp\\htdocs\\Laravel\\librarySystem\\vendor\\symfony\\console\\Input\\Input.php(55): Symfony\\Component\\Console\\Input\\ArgvInput->parse()
#3 I:\\xampp\\htdocs\\Laravel\\librarySystem\\vendor\\symfony\\console\\Command\\Command.php(258): Symfony\\Component\\Console\\Input\\Input->bind()
#4 I:\\xampp\\htdocs\\Laravel\\librarySystem\\vendor\\laravel\\framework\\src\\Illuminate\\Console\\Command.php(121): Symfony\\Component\\Console\\Command\\Command->run()
#5 I:\\xampp\\htdocs\\Laravel\\librarySystem\\vendor\\symfony\\console\\Application.php(978): Illuminate\\Console\\Command->run()
#6 I:\\xampp\\htdocs\\Laravel\\librarySystem\\vendor\\symfony\\console\\Application.php(295): Symfony\\Component\\Console\\Application->doRunCommand()
#7 I:\\xampp\\htdocs\\Laravel\\librarySystem\\vendor\\symfony\\console\\Application.php(167): Symfony\\Component\\Console\\Application->doRun()
#8 I:\\xampp\\htdocs\\Laravel\\librarySystem\\vendor\\laravel\\framework\\src\\Illuminate\\Console\\Application.php(92): Symfony\\Component\\Console\\Application->run()
#9 I:\\xampp\\htdocs\\Laravel\\librarySystem\\vendor\\laravel\\framework\\src\\Illuminate\\Foundation\\Console\\Kernel.php(129): Illuminate\\Console\\Application->run()
#10 I:\\xampp\\htdocs\\Laravel\\librarySystem\\artisan(37): Illuminate\\Foundation\\Console\\Kernel->handle()
#11 {main}
"} 
[2022-12-07 03:32:18] local.ERROR: Please provide a valid cache path. {"exception":"[object] (InvalidArgumentException(code: 0): Please provide a valid cache path. at G:\\xampp\\htdocs\\Laravel\\librarySystem\\vendor\\laravel\\framework\\src\\Illuminate\\View\\Compilers\\Compiler.php:36)
[stacktrace]
#0 G:\\xampp\\htdocs\\Laravel\\librarySystem\\vendor\\laravel\\framework\\src\\Illuminate\\View\\ViewServiceProvider.php(88): Illuminate\\View\\Compilers\\Compiler->__construct(Object(Illuminate\\Filesystem\\Filesystem), false)
#1 G:\\xampp\\htdocs\\Laravel\\librarySystem\\vendor\\laravel\\framework\\src\\Illuminate\\Container\\Container.php(869): Illuminate\\View\\ViewServiceProvider->Illuminate\\View\\{closure}(Object(Illuminate\\Foundation\\Application), Array)
#2 G:\\xampp\\htdocs\\Laravel\\librarySystem\\vendor\\laravel\\framework\\src\\Illuminate\\Container\\Container.php(754): Illuminate\\Container\\Container->build(Object(Closure))
#3 G:\\xampp\\htdocs\\Laravel\\librarySystem\\vendor\\laravel\\framework\\src\\Illuminate\\Foundation\\Application.php(841): Illuminate\\Container\\Container->resolve('blade.compiler', Array, true)
#4 G:\\xampp\\htdocs\\Laravel\\librarySystem\\vendor\\laravel\\framework\\src\\Illuminate\\Container\\Container.php(692): Illuminate\\Foundation\\Application->resolve('blade.compiler', Array)
#5 G:\\xampp\\htdocs\\Laravel\\librarySystem\\vendor\\laravel\\framework\\src\\Illuminate\\Foundation\\Application.php(826): Illuminate\\Container\\Container->make('blade.compiler', Array)
#6 G:\\xampp\\htdocs\\Laravel\\librarySystem\\vendor\\laravel\\framework\\src\\Illuminate\\Container\\Container.php(1420): Illuminate\\Foundation\\Application->make('blade.compiler')
#7 G:\\xampp\\htdocs\\Laravel\\librarySystem\\vendor\\laravel\\framework\\src\\Illuminate\\View\\ViewServiceProvider.php(150): Illuminate\\Container\\Container->offsetGet('blade.compiler')
#8 [internal function]: Illuminate\\View\\ViewServiceProvider->Illuminate\\View\\{closure}()
#9 G:\\xampp\\htdocs\\Laravel\\librarySystem\\vendor\\laravel\\framework\\src\\Illuminate\\View\\Engines\\EngineResolver.php(55): call_user_func(Object(Closure))
#10 G:\\xampp\\htdocs\\Laravel\\librarySystem\\vendor\\facade\\ignition\\src\\IgnitionServiceProvider.php(455): Illuminate\\View\\Engines\\EngineResolver->resolve('blade')
#11 G:\\xampp\\htdocs\\Laravel\\librarySystem\\vendor\\facade\\ignition\\src\\IgnitionServiceProvider.php(154): Facade\\Ignition\\IgnitionServiceProvider->hasCustomViewEnginesRegistered()
#12 G:\\xampp\\htdocs\\Laravel\\librarySystem\\vendor\\facade\\ignition\\src\\IgnitionServiceProvider.php(97): Facade\\Ignition\\IgnitionServiceProvider->registerViewEngines()
#13 G:\\xampp\\htdocs\\Laravel\\librarySystem\\vendor\\laravel\\framework\\src\\Illuminate\\Container\\BoundMethod.php(36): Facade\\Ignition\\IgnitionServiceProvider->boot()
#14 G:\\xampp\\htdocs\\Laravel\\librarySystem\\vendor\\laravel\\framework\\src\\Illuminate\\Container\\Util.php(40): Illuminate\\Container\\BoundMethod::Illuminate\\Container\\{closure}()
#15 G:\\xampp\\htdocs\\Laravel\\librarySystem\\vendor\\laravel\\framework\\src\\Illuminate\\Container\\BoundMethod.php(93): Illuminate\\Container\\Util::unwrapIfClosure(Object(Closure))
#16 G:\\xampp\\htdocs\\Laravel\\librarySystem\\vendor\\laravel\\framework\\src\\Illuminate\\Container\\BoundMethod.php(37): Illuminate\\Container\\BoundMethod::callBoundMethod(Object(Illuminate\\Foundation\\Application), Array, Object(Closure))
#17 G:\\xampp\\htdocs\\Laravel\\librarySystem\\vendor\\laravel\\framework\\src\\Illuminate\\Container\\Container.php(651): Illuminate\\Container\\BoundMethod::call(Object(Illuminate\\Foundation\\Application), Array, Array, NULL)
#18 G:\\xampp\\htdocs\\Laravel\\librarySystem\\vendor\\laravel\\framework\\src\\Illuminate\\Foundation\\Application.php(914): Illuminate\\Container\\Container->call(Array)
#19 G:\\xampp\\htdocs\\Laravel\\librarySystem\\vendor\\laravel\\framework\\src\\Illuminate\\Foundation\\Application.php(895): Illuminate\\Foundation\\Application->bootProvider(Object(Facade\\Ignition\\IgnitionServiceProvider))
#20 [internal function]: Illuminate\\Foundation\\Application->Illuminate\\Foundation\\{closure}(Object(Facade\\Ignition\\IgnitionServiceProvider), 15)
#21 G:\\xampp\\htdocs\\Laravel\\librarySystem\\vendor\\laravel\\framework\\src\\Illuminate\\Foundation\\Application.php(896): array_walk(Array, Object(Closure))
#22 G:\\xampp\\htdocs\\Laravel\\librarySystem\\vendor\\laravel\\framework\\src\\Illuminate\\Foundation\\Bootstrap\\BootProviders.php(17): Illuminate\\Foundation\\Application->boot()
#23 G:\\xampp\\htdocs\\Laravel\\librarySystem\\vendor\\laravel\\framework\\src\\Illuminate\\Foundation\\Application.php(237): Illuminate\\Foundation\\Bootstrap\\BootProviders->bootstrap(Object(Illuminate\\Foundation\\Application))
#24 G:\\xampp\\htdocs\\Laravel\\librarySystem\\vendor\\laravel\\framework\\src\\Illuminate\\Foundation\\Console\\Kernel.php(310): Illuminate\\Foundation\\Application->bootstrapWith(Array)
#25 G:\\xampp\\htdocs\\Laravel\\librarySystem\\vendor\\laravel\\framework\\src\\Illuminate\\Foundation\\Console\\ConfigCacheCommand.php(88): Illuminate\\Foundation\\Console\\Kernel->bootstrap()
#26 G:\\xampp\\htdocs\\Laravel\\librarySystem\\vendor\\laravel\\framework\\src\\Illuminate\\Foundation\\Console\\ConfigCacheCommand.php(58): Illuminate\\Foundation\\Console\\ConfigCacheCommand->getFreshConfiguration()
#27 G:\\xampp\\htdocs\\Laravel\\librarySystem\\vendor\\laravel\\framework\\src\\Illuminate\\Container\\BoundMethod.php(36): Illuminate\\Foundation\\Console\\ConfigCacheCommand->handle()
#28 G:\\xampp\\htdocs\\Laravel\\librarySystem\\vendor\\laravel\\framework\\src\\Illuminate\\Container\\Util.php(40): Illuminate\\Container\\BoundMethod::Illuminate\\Container\\{closure}()
#29 G:\\xampp\\htdocs\\Laravel\\librarySystem\\vendor\\laravel\\framework\\src\\Illuminate\\Container\\BoundMethod.php(93): Illuminate\\Container\\Util::unwrapIfClosure(Object(Closure))
#30 G:\\xampp\\htdocs\\Laravel\\librarySystem\\vendor\\laravel\\framework\\src\\Illuminate\\Container\\BoundMethod.php(37): Illuminate\\Container\\BoundMethod::callBoundMethod(Object(Illuminate\\Foundation\\Application), Array, Object(Closure))
#31 G:\\xampp\\htdocs\\Laravel\\librarySystem\\vendor\\laravel\\framework\\src\\Illuminate\\Container\\Container.php(651): Illuminate\\Container\\BoundMethod::call(Object(Illuminate\\Foundation\\Application), Array, Array, NULL)
#32 G:\\xampp\\htdocs\\Laravel\\librarySystem\\vendor\\laravel\\framework\\src\\Illuminate\\Console\\Command.php(136): Illuminate\\Container\\Container->call(Array)
#33 G:\\xampp\\htdocs\\Laravel\\librarySystem\\vendor\\symfony\\console\\Command\\Command.php(299): Illuminate\\Console\\Command->execute(Object(Symfony\\Component\\Console\\Input\\ArrayInput), Object(Illuminate\\Console\\OutputStyle))
#34 G:\\xampp\\htdocs\\Laravel\\librarySystem\\vendor\\laravel\\framework\\src\\Illuminate\\Console\\Command.php(121): Symfony\\Component\\Console\\Command\\Command->run(Object(Symfony\\Component\\Console\\Input\\ArrayInput), Object(Illuminate\\Console\\OutputStyle))
#35 G:\\xampp\\htdocs\\Laravel\\librarySystem\\vendor\\laravel\\framework\\src\\Illuminate\\Console\\Concerns\\CallsCommands.php(68): Illuminate\\Console\\Command->run(Object(Symfony\\Component\\Console\\Input\\ArrayInput), Object(Illuminate\\Console\\OutputStyle))
#36 G:\\xampp\\htdocs\\Laravel\\librarySystem\\vendor\\laravel\\framework\\src\\Illuminate\\Console\\Concerns\\CallsCommands.php(28): Illuminate\\Console\\Command->runCommand('config:cache', Array, Object(Illuminate\\Console\\OutputStyle))
#37 G:\\xampp\\htdocs\\Laravel\\librarySystem\\vendor\\laravel\\framework\\src\\Illuminate\\Foundation\\Console\\OptimizeCommand.php(30): Illuminate\\Console\\Command->call('config:cache')
#38 G:\\xampp\\htdocs\\Laravel\\librarySystem\\vendor\\laravel\\framework\\src\\Illuminate\\Container\\BoundMethod.php(36): Illuminate\\Foundation\\Console\\OptimizeCommand->handle()
#39 G:\\xampp\\htdocs\\Laravel\\librarySystem\\vendor\\laravel\\framework\\src\\Illuminate\\Container\\Util.php(40): Illuminate\\Container\\BoundMethod::Illuminate\\Container\\{closure}()
#40 G:\\xampp\\htdocs\\Laravel\\librarySystem\\vendor\\laravel\\framework\\src\\Illuminate\\Container\\BoundMethod.php(93): Illuminate\\Container\\Util::unwrapIfClosure(Object(Closure))
#41 G:\\xampp\\htdocs\\Laravel\\librarySystem\\vendor\\laravel\\framework\\src\\Illuminate\\Container\\BoundMethod.php(37): Illuminate\\Container\\BoundMethod::callBoundMethod(Object(Illuminate\\Foundation\\Application), Array, Object(Closure))
#42 G:\\xampp\\htdocs\\Laravel\\librarySystem\\vendor\\laravel\\framework\\src\\Illuminate\\Container\\Container.php(651): Illuminate\\Container\\BoundMethod::call(Object(Illuminate\\Foundation\\Application), Array, Array, NULL)
#43 G:\\xampp\\htdocs\\Laravel\\librarySystem\\vendor\\laravel\\framework\\src\\Illuminate\\Console\\Command.php(136): Illuminate\\Container\\Container->call(Array)
#44 G:\\xampp\\htdocs\\Laravel\\librarySystem\\vendor\\symfony\\console\\Command\\Command.php(299): Illuminate\\Console\\Command->execute(Object(Symfony\\Component\\Console\\Input\\ArgvInput), Object(Illuminate\\Console\\OutputStyle))
#45 G:\\xampp\\htdocs\\Laravel\\librarySystem\\vendor\\laravel\\framework\\src\\Illuminate\\Console\\Command.php(121): Symfony\\Component\\Console\\Command\\Command->run(Object(Symfony\\Component\\Console\\Input\\ArgvInput), Object(Illuminate\\Console\\OutputStyle))
#46 G:\\xampp\\htdocs\\Laravel\\librarySystem\\vendor\\symfony\\console\\Application.php(978): Illuminate\\Console\\Command->run(Object(Symfony\\Component\\Console\\Input\\ArgvInput), Object(Symfony\\Component\\Console\\Output\\ConsoleOutput))
#47 G:\\xampp\\htdocs\\Laravel\\librarySystem\\vendor\\symfony\\console\\Application.php(295): Symfony\\Component\\Console\\Application->doRunCommand(Object(Illuminate\\Foundation\\Console\\OptimizeCommand), Object(Symfony\\Component\\Console\\Input\\ArgvInput), Object(Symfony\\Component\\Console\\Output\\ConsoleOutput))
#48 G:\\xampp\\htdocs\\Laravel\\librarySystem\\vendor\\symfony\\console\\Application.php(167): Symfony\\Component\\Console\\Application->doRun(Object(Symfony\\Component\\Console\\Input\\ArgvInput), Object(Symfony\\Component\\Console\\Output\\ConsoleOutput))
#49 G:\\xampp\\htdocs\\Laravel\\librarySystem\\vendor\\laravel\\framework\\src\\Illuminate\\Console\\Application.php(92): Symfony\\Component\\Console\\Application->run(Object(Symfony\\Component\\Console\\Input\\ArgvInput), Object(Symfony\\Component\\Console\\Output\\ConsoleOutput))
#50 G:\\xampp\\htdocs\\Laravel\\librarySystem\\vendor\\laravel\\framework\\src\\Illuminate\\Foundation\\Console\\Kernel.php(129): Illuminate\\Console\\Application->run(Object(Symfony\\Component\\Console\\Input\\ArgvInput), Object(Symfony\\Component\\Console\\Output\\ConsoleOutput))
#51 G:\\xampp\\htdocs\\Laravel\\librarySystem\\artisan(37): Illuminate\\Foundation\\Console\\Kernel->handle(Object(Symfony\\Component\\Console\\Input\\ArgvInput), Object(Symfony\\Component\\Console\\Output\\ConsoleOutput))
#52 {main}
"} 
[2022-12-07 03:32:33] local.ERROR: Please provide a valid cache path. {"exception":"[object] (InvalidArgumentException(code: 0): Please provide a valid cache path. at G:\\xampp\\htdocs\\Laravel\\librarySystem\\vendor\\laravel\\framework\\src\\Illuminate\\View\\Compilers\\Compiler.php:36)
[stacktrace]
#0 G:\\xampp\\htdocs\\Laravel\\librarySystem\\vendor\\laravel\\framework\\src\\Illuminate\\View\\ViewServiceProvider.php(88): Illuminate\\View\\Compilers\\Compiler->__construct(Object(Illuminate\\Filesystem\\Filesystem), false)
#1 G:\\xampp\\htdocs\\Laravel\\librarySystem\\vendor\\laravel\\framework\\src\\Illuminate\\Container\\Container.php(869): Illuminate\\View\\ViewServiceProvider->Illuminate\\View\\{closure}(Object(Illuminate\\Foundation\\Application), Array)
#2 G:\\xampp\\htdocs\\Laravel\\librarySystem\\vendor\\laravel\\framework\\src\\Illuminate\\Container\\Container.php(754): Illuminate\\Container\\Container->build(Object(Closure))
#3 G:\\xampp\\htdocs\\Laravel\\librarySystem\\vendor\\laravel\\framework\\src\\Illuminate\\Foundation\\Application.php(841): Illuminate\\Container\\Container->resolve('blade.compiler', Array, true)
#4 G:\\xampp\\htdocs\\Laravel\\librarySystem\\vendor\\laravel\\framework\\src\\Illuminate\\Container\\Container.php(692): Illuminate\\Foundation\\Application->resolve('blade.compiler', Array)
#5 G:\\xampp\\htdocs\\Laravel\\librarySystem\\vendor\\laravel\\framework\\src\\Illuminate\\Foundation\\Application.php(826): Illuminate\\Container\\Container->make('blade.compiler', Array)
#6 G:\\xampp\\htdocs\\Laravel\\librarySystem\\vendor\\laravel\\framework\\src\\Illuminate\\Container\\Container.php(1420): Illuminate\\Foundation\\Application->make('blade.compiler')
#7 G:\\xampp\\htdocs\\Laravel\\librarySystem\\vendor\\laravel\\framework\\src\\Illuminate\\View\\ViewServiceProvider.php(150): Illuminate\\Container\\Container->offsetGet('blade.compiler')
#8 [internal function]: Illuminate\\View\\ViewServiceProvider->Illuminate\\View\\{closure}()
#9 G:\\xampp\\htdocs\\Laravel\\librarySystem\\vendor\\laravel\\framework\\src\\Illuminate\\View\\Engines\\EngineResolver.php(55): call_user_func(Object(Closure))
#10 G:\\xampp\\htdocs\\Laravel\\librarySystem\\vendor\\facade\\ignition\\src\\IgnitionServiceProvider.php(455): Illuminate\\View\\Engines\\EngineResolver->resolve('blade')
#11 G:\\xampp\\htdocs\\Laravel\\librarySystem\\vendor\\facade\\ignition\\src\\IgnitionServiceProvider.php(154): Facade\\Ignition\\IgnitionServiceProvider->hasCustomViewEnginesRegistered()
#12 G:\\xampp\\htdocs\\Laravel\\librarySystem\\vendor\\facade\\ignition\\src\\IgnitionServiceProvider.php(97): Facade\\Ignition\\IgnitionServiceProvider->registerViewEngines()
#13 G:\\xampp\\htdocs\\Laravel\\librarySystem\\vendor\\laravel\\framework\\src\\Illuminate\\Container\\BoundMethod.php(36): Facade\\Ignition\\IgnitionServiceProvider->boot()
#14 G:\\xampp\\htdocs\\Laravel\\librarySystem\\vendor\\laravel\\framework\\src\\Illuminate\\Container\\Util.php(40): Illuminate\\Container\\BoundMethod::Illuminate\\Container\\{closure}()
#15 G:\\xampp\\htdocs\\Laravel\\librarySystem\\vendor\\laravel\\framework\\src\\Illuminate\\Container\\BoundMethod.php(93): Illuminate\\Container\\Util::unwrapIfClosure(Object(Closure))
#16 G:\\xampp\\htdocs\\Laravel\\librarySystem\\vendor\\laravel\\framework\\src\\Illuminate\\Container\\BoundMethod.php(37): Illuminate\\Container\\BoundMethod::callBoundMethod(Object(Illuminate\\Foundation\\Application), Array, Object(Closure))
#17 G:\\xampp\\htdocs\\Laravel\\librarySystem\\vendor\\laravel\\framework\\src\\Illuminate\\Container\\Container.php(651): Illuminate\\Container\\BoundMethod::call(Object(Illuminate\\Foundation\\Application), Array, Array, NULL)
#18 G:\\xampp\\htdocs\\Laravel\\librarySystem\\vendor\\laravel\\framework\\src\\Illuminate\\Foundation\\Application.php(914): Illuminate\\Container\\Container->call(Array)
#19 G:\\xampp\\htdocs\\Laravel\\librarySystem\\vendor\\laravel\\framework\\src\\Illuminate\\Foundation\\Application.php(895): Illuminate\\Foundation\\Application->bootProvider(Object(Facade\\Ignition\\IgnitionServiceProvider))
#20 [internal function]: Illuminate\\Foundation\\Application->Illuminate\\Foundation\\{closure}(Object(Facade\\Ignition\\IgnitionServiceProvider), 15)
#21 G:\\xampp\\htdocs\\Laravel\\librarySystem\\vendor\\laravel\\framework\\src\\Illuminate\\Foundation\\Application.php(896): array_walk(Array, Object(Closure))
#22 G:\\xampp\\htdocs\\Laravel\\librarySystem\\vendor\\laravel\\framework\\src\\Illuminate\\Foundation\\Bootstrap\\BootProviders.php(17): Illuminate\\Foundation\\Application->boot()
#23 G:\\xampp\\htdocs\\Laravel\\librarySystem\\vendor\\laravel\\framework\\src\\Illuminate\\Foundation\\Application.php(237): Illuminate\\Foundation\\Bootstrap\\BootProviders->bootstrap(Object(Illuminate\\Foundation\\Application))
#24 G:\\xampp\\htdocs\\Laravel\\librarySystem\\vendor\\laravel\\framework\\src\\Illuminate\\Foundation\\Console\\Kernel.php(310): Illuminate\\Foundation\\Application->bootstrapWith(Array)
#25 G:\\xampp\\htdocs\\Laravel\\librarySystem\\vendor\\laravel\\framework\\src\\Illuminate\\Foundation\\Console\\Kernel.php(127): Illuminate\\Foundation\\Console\\Kernel->bootstrap()
#26 G:\\xampp\\htdocs\\Laravel\\librarySystem\\artisan(37): Illuminate\\Foundation\\Console\\Kernel->handle(Object(Symfony\\Component\\Console\\Input\\ArgvInput), Object(Symfony\\Component\\Console\\Output\\ConsoleOutput))
#27 {main}
"} 
[2022-12-07 03:32:40] local.ERROR: Please provide a valid cache path. {"exception":"[object] (InvalidArgumentException(code: 0): Please provide a valid cache path. at G:\\xampp\\htdocs\\Laravel\\librarySystem\\vendor\\laravel\\framework\\src\\Illuminate\\View\\Compilers\\Compiler.php:36)
[stacktrace]
#0 G:\\xampp\\htdocs\\Laravel\\librarySystem\\vendor\\laravel\\framework\\src\\Illuminate\\View\\ViewServiceProvider.php(88): Illuminate\\View\\Compilers\\Compiler->__construct(Object(Illuminate\\Filesystem\\Filesystem), false)
#1 G:\\xampp\\htdocs\\Laravel\\librarySystem\\vendor\\laravel\\framework\\src\\Illuminate\\Container\\Container.php(869): Illuminate\\View\\ViewServiceProvider->Illuminate\\View\\{closure}(Object(Illuminate\\Foundation\\Application), Array)
#2 G:\\xampp\\htdocs\\Laravel\\librarySystem\\vendor\\laravel\\framework\\src\\Illuminate\\Container\\Container.php(754): Illuminate\\Container\\Container->build(Object(Closure))
#3 G:\\xampp\\htdocs\\Laravel\\librarySystem\\vendor\\laravel\\framework\\src\\Illuminate\\Foundation\\Application.php(841): Illuminate\\Container\\Container->resolve('blade.compiler', Array, true)
#4 G:\\xampp\\htdocs\\Laravel\\librarySystem\\vendor\\laravel\\framework\\src\\Illuminate\\Container\\Container.php(692): Illuminate\\Foundation\\Application->resolve('blade.compiler', Array)
#5 G:\\xampp\\htdocs\\Laravel\\librarySystem\\vendor\\laravel\\framework\\src\\Illuminate\\Foundation\\Application.php(826): Illuminate\\Container\\Container->make('blade.compiler', Array)
#6 G:\\xampp\\htdocs\\Laravel\\librarySystem\\vendor\\laravel\\framework\\src\\Illuminate\\Container\\Container.php(1420): Illuminate\\Foundation\\Application->make('blade.compiler')
#7 G:\\xampp\\htdocs\\Laravel\\librarySystem\\vendor\\laravel\\framework\\src\\Illuminate\\View\\ViewServiceProvider.php(150): Illuminate\\Container\\Container->offsetGet('blade.compiler')
#8 [internal function]: Illuminate\\View\\ViewServiceProvider->Illuminate\\View\\{closure}()
#9 G:\\xampp\\htdocs\\Laravel\\librarySystem\\vendor\\laravel\\framework\\src\\Illuminate\\View\\Engines\\EngineResolver.php(55): call_user_func(Object(Closure))
#10 G:\\xampp\\htdocs\\Laravel\\librarySystem\\vendor\\facade\\ignition\\src\\IgnitionServiceProvider.php(455): Illuminate\\View\\Engines\\EngineResolver->resolve('blade')
#11 G:\\xampp\\htdocs\\Laravel\\librarySystem\\vendor\\facade\\ignition\\src\\IgnitionServiceProvider.php(154): Facade\\Ignition\\IgnitionServiceProvider->hasCustomViewEnginesRegistered()
#12 G:\\xampp\\htdocs\\Laravel\\librarySystem\\vendor\\facade\\ignition\\src\\IgnitionServiceProvider.php(97): Facade\\Ignition\\IgnitionServiceProvider->registerViewEngines()
#13 G:\\xampp\\htdocs\\Laravel\\librarySystem\\vendor\\laravel\\framework\\src\\Illuminate\\Container\\BoundMethod.php(36): Facade\\Ignition\\IgnitionServiceProvider->boot()
#14 G:\\xampp\\htdocs\\Laravel\\librarySystem\\vendor\\laravel\\framework\\src\\Illuminate\\Container\\Util.php(40): Illuminate\\Container\\BoundMethod::Illuminate\\Container\\{closure}()
#15 G:\\xampp\\htdocs\\Laravel\\librarySystem\\vendor\\laravel\\framework\\src\\Illuminate\\Container\\BoundMethod.php(93): Illuminate\\Container\\Util::unwrapIfClosure(Object(Closure))
#16 G:\\xampp\\htdocs\\Laravel\\librarySystem\\vendor\\laravel\\framework\\src\\Illuminate\\Container\\BoundMethod.php(37): Illuminate\\Container\\BoundMethod::callBoundMethod(Object(Illuminate\\Foundation\\Application), Array, Object(Closure))
#17 G:\\xampp\\htdocs\\Laravel\\librarySystem\\vendor\\laravel\\framework\\src\\Illuminate\\Container\\Container.php(651): Illuminate\\Container\\BoundMethod::call(Object(Illuminate\\Foundation\\Application), Array, Array, NULL)
#18 G:\\xampp\\htdocs\\Laravel\\librarySystem\\vendor\\laravel\\framework\\src\\Illuminate\\Foundation\\Application.php(914): Illuminate\\Container\\Container->call(Array)
#19 G:\\xampp\\htdocs\\Laravel\\librarySystem\\vendor\\laravel\\framework\\src\\Illuminate\\Foundation\\Application.php(895): Illuminate\\Foundation\\Application->bootProvider(Object(Facade\\Ignition\\IgnitionServiceProvider))
#20 [internal function]: Illuminate\\Foundation\\Application->Illuminate\\Foundation\\{closure}(Object(Facade\\Ignition\\IgnitionServiceProvider), 15)
#21 G:\\xampp\\htdocs\\Laravel\\librarySystem\\vendor\\laravel\\framework\\src\\Illuminate\\Foundation\\Application.php(896): array_walk(Array, Object(Closure))
#22 G:\\xampp\\htdocs\\Laravel\\librarySystem\\vendor\\laravel\\framework\\src\\Illuminate\\Foundation\\Bootstrap\\BootProviders.php(17): Illuminate\\Foundation\\Application->boot()
#23 G:\\xampp\\htdocs\\Laravel\\librarySystem\\vendor\\laravel\\framework\\src\\Illuminate\\Foundation\\Application.php(237): Illuminate\\Foundation\\Bootstrap\\BootProviders->bootstrap(Object(Illuminate\\Foundation\\Application))
#24 G:\\xampp\\htdocs\\Laravel\\librarySystem\\vendor\\laravel\\framework\\src\\Illuminate\\Foundation\\Console\\Kernel.php(310): Illuminate\\Foundation\\Application->bootstrapWith(Array)
#25 G:\\xampp\\htdocs\\Laravel\\librarySystem\\vendor\\laravel\\framework\\src\\Illuminate\\Foundation\\Console\\Kernel.php(127): Illuminate\\Foundation\\Console\\Kernel->bootstrap()
#26 G:\\xampp\\htdocs\\Laravel\\librarySystem\\artisan(37): Illuminate\\Foundation\\Console\\Kernel->handle(Object(Symfony\\Component\\Console\\Input\\ArgvInput), Object(Symfony\\Component\\Console\\Output\\ConsoleOutput))
#27 {main}
"} 
[2022-12-07 03:32:57] local.ERROR: Please provide a valid cache path. {"exception":"[object] (InvalidArgumentException(code: 0): Please provide a valid cache path. at G:\\xampp\\htdocs\\Laravel\\librarySystem\\vendor\\laravel\\framework\\src\\Illuminate\\View\\Compilers\\Compiler.php:36)
[stacktrace]
#0 G:\\xampp\\htdocs\\Laravel\\librarySystem\\vendor\\laravel\\framework\\src\\Illuminate\\View\\ViewServiceProvider.php(88): Illuminate\\View\\Compilers\\Compiler->__construct(Object(Illuminate\\Filesystem\\Filesystem), false)
#1 G:\\xampp\\htdocs\\Laravel\\librarySystem\\vendor\\laravel\\framework\\src\\Illuminate\\Container\\Container.php(869): Illuminate\\View\\ViewServiceProvider->Illuminate\\View\\{closure}(Object(Illuminate\\Foundation\\Application), Array)
#2 G:\\xampp\\htdocs\\Laravel\\librarySystem\\vendor\\laravel\\framework\\src\\Illuminate\\Container\\Container.php(754): Illuminate\\Container\\Container->build(Object(Closure))
#3 G:\\xampp\\htdocs\\Laravel\\librarySystem\\vendor\\laravel\\framework\\src\\Illuminate\\Foundation\\Application.php(841): Illuminate\\Container\\Container->resolve('blade.compiler', Array, true)
#4 G:\\xampp\\htdocs\\Laravel\\librarySystem\\vendor\\laravel\\framework\\src\\Illuminate\\Container\\Container.php(692): Illuminate\\Foundation\\Application->resolve('blade.compiler', Array)
#5 G:\\xampp\\htdocs\\Laravel\\librarySystem\\vendor\\laravel\\framework\\src\\Illuminate\\Foundation\\Application.php(826): Illuminate\\Container\\Container->make('blade.compiler', Array)
#6 G:\\xampp\\htdocs\\Laravel\\librarySystem\\vendor\\laravel\\framework\\src\\Illuminate\\Container\\Container.php(1420): Illuminate\\Foundation\\Application->make('blade.compiler')
#7 G:\\xampp\\htdocs\\Laravel\\librarySystem\\vendor\\laravel\\framework\\src\\Illuminate\\View\\ViewServiceProvider.php(150): Illuminate\\Container\\Container->offsetGet('blade.compiler')
#8 [internal function]: Illuminate\\View\\ViewServiceProvider->Illuminate\\View\\{closure}()
#9 G:\\xampp\\htdocs\\Laravel\\librarySystem\\vendor\\laravel\\framework\\src\\Illuminate\\View\\Engines\\EngineResolver.php(55): call_user_func(Object(Closure))
#10 G:\\xampp\\htdocs\\Laravel\\librarySystem\\vendor\\facade\\ignition\\src\\IgnitionServiceProvider.php(455): Illuminate\\View\\Engines\\EngineResolver->resolve('blade')
#11 G:\\xampp\\htdocs\\Laravel\\librarySystem\\vendor\\facade\\ignition\\src\\IgnitionServiceProvider.php(154): Facade\\Ignition\\IgnitionServiceProvider->hasCustomViewEnginesRegistered()
#12 G:\\xampp\\htdocs\\Laravel\\librarySystem\\vendor\\facade\\ignition\\src\\IgnitionServiceProvider.php(97): Facade\\Ignition\\IgnitionServiceProvider->registerViewEngines()
#13 G:\\xampp\\htdocs\\Laravel\\librarySystem\\vendor\\laravel\\framework\\src\\Illuminate\\Container\\BoundMethod.php(36): Facade\\Ignition\\IgnitionServiceProvider->boot()
#14 G:\\xampp\\htdocs\\Laravel\\librarySystem\\vendor\\laravel\\framework\\src\\Illuminate\\Container\\Util.php(40): Illuminate\\Container\\BoundMethod::Illuminate\\Container\\{closure}()
#15 G:\\xampp\\htdocs\\Laravel\\librarySystem\\vendor\\laravel\\framework\\src\\Illuminate\\Container\\BoundMethod.php(93): Illuminate\\Container\\Util::unwrapIfClosure(Object(Closure))
#16 G:\\xampp\\htdocs\\Laravel\\librarySystem\\vendor\\laravel\\framework\\src\\Illuminate\\Container\\BoundMethod.php(37): Illuminate\\Container\\BoundMethod::callBoundMethod(Object(Illuminate\\Foundation\\Application), Array, Object(Closure))
#17 G:\\xampp\\htdocs\\Laravel\\librarySystem\\vendor\\laravel\\framework\\src\\Illuminate\\Container\\Container.php(651): Illuminate\\Container\\BoundMethod::call(Object(Illuminate\\Foundation\\Application), Array, Array, NULL)
#18 G:\\xampp\\htdocs\\Laravel\\librarySystem\\vendor\\laravel\\framework\\src\\Illuminate\\Foundation\\Application.php(914): Illuminate\\Container\\Container->call(Array)
#19 G:\\xampp\\htdocs\\Laravel\\librarySystem\\vendor\\laravel\\framework\\src\\Illuminate\\Foundation\\Application.php(895): Illuminate\\Foundation\\Application->bootProvider(Object(Facade\\Ignition\\IgnitionServiceProvider))
#20 [internal function]: Illuminate\\Foundation\\Application->Illuminate\\Foundation\\{closure}(Object(Facade\\Ignition\\IgnitionServiceProvider), 15)
#21 G:\\xampp\\htdocs\\Laravel\\librarySystem\\vendor\\laravel\\framework\\src\\Illuminate\\Foundation\\Application.php(896): array_walk(Array, Object(Closure))
#22 G:\\xampp\\htdocs\\Laravel\\librarySystem\\vendor\\laravel\\framework\\src\\Illuminate\\Foundation\\Bootstrap\\BootProviders.php(17): Illuminate\\Foundation\\Application->boot()
#23 G:\\xampp\\htdocs\\Laravel\\librarySystem\\vendor\\laravel\\framework\\src\\Illuminate\\Foundation\\Application.php(237): Illuminate\\Foundation\\Bootstrap\\BootProviders->bootstrap(Object(Illuminate\\Foundation\\Application))
#24 G:\\xampp\\htdocs\\Laravel\\librarySystem\\vendor\\laravel\\framework\\src\\Illuminate\\Foundation\\Console\\Kernel.php(310): Illuminate\\Foundation\\Application->bootstrapWith(Array)
#25 G:\\xampp\\htdocs\\Laravel\\librarySystem\\vendor\\laravel\\framework\\src\\Illuminate\\Foundation\\Console\\Kernel.php(127): Illuminate\\Foundation\\Console\\Kernel->bootstrap()
#26 G:\\xampp\\htdocs\\Laravel\\librarySystem\\artisan(37): Illuminate\\Foundation\\Console\\Kernel->handle(Object(Symfony\\Component\\Console\\Input\\ArgvInput), Object(Symfony\\Component\\Console\\Output\\ConsoleOutput))
#27 {main}
"} 
